=== COMMAND ===
verilator_bin -Wall --trace --trace-fst --trace-depth 4 --timing --cc C:/Users/DELL/OneDrive/Documents/projects/riscv_verif0/tb/ip_level/dmap_wback_walloc/tb.sv --exe C:/Users/DELL/OneDrive/Documents/projects/riscv_verif0/tb/ip_level/dmap_wback_walloc/sim_main.cpp --Mdir build\ip_level\dmap_wback_walloc -f C:\Users\DELL\OneDrive\Documents\projects\riscv_verif0\sim\scripts\flists\ip_level\dmap_wback_walloc_sanity.f -O3 -Wno-fatal --top-module tb -CFLAGS -IC:/msys64/mingw64/include -DWIN32 -D_WIN32 -D__MINGW64__ -LDFLAGS -LC:/msys64/mingw64/lib -lz

=== STDOUT ===
- V e r i l a t i o n   R e p o r t: Verilator 5.036 2025-04-27 rev UNKNOWN.REV
- Verilator: Built from 0.076 MB sources in 4 modules, into 0.099 MB in 10 C++ files needing 0.000 MB
- Verilator: Walltime 0.057 s (elab=0.000, cvt=0.018, bld=0.000); cpu 0.000 s on 1 threads; alloced 13.496 MB

=== STDERR ===
%Warning-EOFNEWLINE: rtl/mem/cache\dmap_wback_walloc.sv:150:7: Missing newline at end of file (POSIX 3.206).
                                                             : ... Suggest add newline.
  150 | `endif
      |       ^
                     ... For warning description see https://verilator.org/warn/EOFNEWLINE?v=5.036
                     ... Use "/* verilator lint_off EOFNEWLINE */" and lint_on around source to disable this message.
%Warning-WIDTHEXPAND: rtl/mem/cache\dmap_wback_walloc.sv:66:21: Operator ASSIGN expects 32 bits on the Assign RHS, but Assign RHS's CONST '1'h0' generates 1 bits.
                                                              : ... note: In instance 'tb.i_dcache'
   66 |         dmem_addr_o = 1'b0 ;
      |                     ^
                      ... For warning description see https://verilator.org/warn/WIDTHEXPAND?v=5.036
                      ... Use "/* verilator lint_off WIDTHEXPAND */" and lint_on around source to disable this message.
%Warning-WIDTHTRUNC: rtl/mem/nzlat\mem_nzlat.sv:108:40: Operator ASSIGN expects 4 bits on the Assign RHS, but Assign RHS's URANDOMRANGE generates 32 bits.
                                                      : ... note: In instance 'tb.i_dmem'
  108 |                     write_counter_next = $urandom_range(1, WRITE_LATENCY) ;
      |                                        ^
                     ... For warning description see https://verilator.org/warn/WIDTHTRUNC?v=5.036
                     ... Use "/* verilator lint_off WIDTHTRUNC */" and lint_on around source to disable this message.
%Warning-WIDTHTRUNC: rtl/mem/nzlat\mem_nzlat.sv:111:39: Operator ASSIGN expects 4 bits on the Assign RHS, but Assign RHS's URANDOMRANGE generates 32 bits.
                                                      : ... note: In instance 'tb.i_dmem'
  111 |                     read_counter_next = $urandom_range(1, READ_LATENCY) ;
      |                                       ^
%Warning-UNUSEDSIGNAL: C:/Users/DELL/OneDrive/Documents/projects/riscv_verif0/tb/ip_level/dmap_wback_walloc\tb.sv:10:9: Signal is not used: 'deadbeef_written'
                                                                                                                      : ... note: In instance 'tb'
   10 |     bit deadbeef_written = 1'b0;
      |         ^~~~~~~~~~~~~~~~
                       ... For warning description see https://verilator.org/warn/UNUSEDSIGNAL?v=5.036
                       ... Use "/* verilator lint_off UNUSEDSIGNAL */" and lint_on around source to disable this message.
%Warning-UNUSEDSIGNAL: C:/Users/DELL/OneDrive/Documents/projects/riscv_verif0/tb/ip_level/dmap_wback_walloc\tb.sv:20:26: Signal is not used: 'core_rdata'
                                                                                                                       : ... note: In instance 'tb'
   20 |     bit [DATA_WIDTH-1:0] core_rdata;
      |                          ^~~~~~~~~~
%Warning-UNUSEDSIGNAL: C:/Users/DELL/OneDrive/Documents/projects/riscv_verif0/tb/ip_level/dmap_wback_walloc\tb.sv:21:9: Signal is not used: 'core_ready'
                                                                                                                      : ... note: In instance 'tb'
   21 |     bit core_ready;
      |         ^~~~~~~~~~
%Warning-UNUSEDSIGNAL: C:/Users/DELL/OneDrive/Documents/projects/riscv_verif0/tb/ip_level/dmap_wback_walloc\tb.sv:25:26: Bits of signal are not used: 'dmem_addr'[31:12,1:0]
                                                                                                                       : ... note: In instance 'tb'
   25 |     bit [ADDR_WIDTH-1:0] dmem_addr;
      |                          ^~~~~~~~~
%Warning-UNUSEDSIGNAL: rtl/mem/nzlat\mem_nzlat.sv:34:11: Signal is not used: 'latched_operation'
                                                       : ... note: In instance 'tb.i_dmem'
   34 |     logic latched_operation ;    
      |           ^~~~~~~~~~~~~~~~~
%Warning-UNUSEDSIGNAL: rtl/mem/cache\dmap_wback_walloc.sv:13:35: Signal is not used: 'core_wdata_i'
                                                               : ... note: In instance 'tb.i_dcache'
   13 |     input  logic [DATA_WIDTH-1:0] core_wdata_i ,
      |                                   ^~~~~~~~~~~~
%Warning-UNUSEDSIGNAL: rtl/mem/cache\dmap_wback_walloc.sv:15:37: Signal is not used: 'core_wstrb_i'
                                                               : ... note: In instance 'tb.i_dcache'
   15 |     input  logic [DATA_WIDTH/8-1:0] core_wstrb_i ,
      |                                     ^~~~~~~~~~~~
%Warning-UNUSEDSIGNAL: rtl/mem/cache\dmap_wback_walloc.sv:27:35: Signal is not used: 'dmem_rdata_i'
                                                               : ... note: In instance 'tb.i_dcache'
   27 |     input  logic [DATA_WIDTH-1:0] dmem_rdata_i ,
      |                                   ^~~~~~~~~~~~
%Warning-UNDRIVEN: rtl/mem/cache\dmap_wback_walloc.sv:32:11: Signal is not driven: 'valid'
                                                           : ... note: In instance 'tb.i_dcache'
   32 |     logic valid [DEPTH-1:0] ;
      |           ^~~~~
                   ... For warning description see https://verilator.org/warn/UNDRIVEN?v=5.036
                   ... Use "/* verilator lint_off UNDRIVEN */" and lint_on around source to disable this message.
%Warning-UNDRIVEN: rtl/mem/cache\dmap_wback_walloc.sv:33:11: Signal is not driven: 'dirty'
                                                           : ... note: In instance 'tb.i_dcache'
   33 |     logic dirty [DEPTH-1:0] ;
      |           ^~~~~
%Warning-UNDRIVEN: rtl/mem/cache\dmap_wback_walloc.sv:34:42: Signal is not driven: 'tag'
                                                           : ... note: In instance 'tb.i_dcache'
   34 |     logic [ADDR_WIDTH-1:$clog2(DEPTH)+2] tag [DEPTH-1:0]  ;
      |                                          ^~~
%Warning-UNUSEDSIGNAL: rtl/mem/cache\dmap_wback_walloc.sv:35:28: Signal is not driven, nor used: 'mem_array'
                                                               : ... note: In instance 'tb.i_dcache'
   35 |     logic [DATA_WIDTH-1:0] mem_array [DEPTH-1:0] ;
      |                            ^~~~~~~~~
%Warning-UNUSEDSIGNAL: rtl/mem/cache\dmap_wback_walloc.sv:39:11: Signal is not used: 'perform_write'
                                                               : ... note: In instance 'tb.i_dcache'
   39 |     logic perform_write ;
      |           ^~~~~~~~~~~~~
%Warning-UNDRIVEN: rtl/mem/cache\dmap_wback_walloc.sv:44:28: Signal is not driven: 'writeback_buffer_addr'
                                                           : ... note: In instance 'tb.i_dcache'
   44 |     logic [ADDR_WIDTH-1:0] writeback_buffer_addr ;
      |                            ^~~~~~~~~~~~~~~~~~~~~
%Warning-UNDRIVEN: rtl/mem/cache\dmap_wback_walloc.sv:45:28: Signal is not driven: 'writeback_buffer_wdata'
                                                           : ... note: In instance 'tb.i_dcache'
   45 |     logic [DATA_WIDTH-1:0] writeback_buffer_wdata ;
      |                            ^~~~~~~~~~~~~~~~~~~~~~
%Warning-UNDRIVEN: rtl/mem/cache\dmap_wback_walloc.sv:46:30: Signal is not driven: 'writeback_buffer_wstrb'
                                                           : ... note: In instance 'tb.i_dcache'
   46 |     logic [DATA_WIDTH/8-1:0] writeback_buffer_wstrb ;
      |                              ^~~~~~~~~~~~~~~~~~~~~~
%Warning-UNDRIVEN: rtl/mem/cache\dmap_wback_walloc.sv:47:11: Signal is not driven: 'writeback_buffer_valid_r'
                                                           : ... note: In instance 'tb.i_dcache'
   47 |     logic writeback_buffer_valid_r, writeback_buffer_valid_next ;
      |           ^~~~~~~~~~~~~~~~~~~~~~~~
%Warning-UNUSEDSIGNAL: rtl/mem/cache\dmap_wback_walloc.sv:47:37: Signal is not used: 'writeback_buffer_valid_next'
                                                               : ... note: In instance 'tb.i_dcache'
   47 |     logic writeback_buffer_valid_r, writeback_buffer_valid_next ;
      |                                     ^~~~~~~~~~~~~~~~~~~~~~~~~~~
%Warning-BLKSEQ: C:/Users/DELL/OneDrive/Documents/projects/riscv_verif0/tb/ip_level/dmap_wback_walloc\tb.sv:75:21: Blocking assignment '=' in sequential logic process
                                                                                                                 : ... Suggest using delayed assignment '<='
   75 |         cycle_count ++ ;
      |                     ^~
                 ... For warning description see https://verilator.org/warn/BLKSEQ?v=5.036
                 ... Use "/* verilator lint_off BLKSEQ */" and lint_on around source to disable this message.

=== RETURN CODE: 0 ===
